{"fecha":"2026-03-08T04:07:31.591Z","ip":"::1","level":"warn","message":"Demasiadas peticiones detectadas","ruta":"/Styles.css"}
{"fecha":"2026-03-08T04:07:31.739Z","ip":"::1","level":"warn","message":"Demasiadas peticiones detectadas","ruta":"/Index.html"}
{"fecha":"2026-03-08T04:07:31.924Z","ip":"::1","level":"warn","message":"Demasiadas peticiones detectadas","ruta":"/Index.html"}
{"fecha":"2026-03-08T04:07:32.095Z","ip":"::1","level":"warn","message":"Demasiadas peticiones detectadas","ruta":"/Index.html"}
{"fecha":"2026-03-08T04:07:32.286Z","ip":"::1","level":"warn","message":"Demasiadas peticiones detectadas","ruta":"/Index.html"}
{"level":"info","message":"Servidor iniciado en puerto 5000","timestamp":"2026-03-08T04:12:26.398Z"}
{"fecha":"2026-03-08T04:12:34.381Z","ip":"::1","level":"warn","message":"Demasiadas peticiones detectadas","ruta":"/Index.html"}
{"fecha":"2026-03-08T04:12:41.517Z","ip":"::1","level":"warn","message":"Demasiadas peticiones detectadas","ruta":"/Index.html"}
{"level":"info","message":"Servidor iniciado en puerto 5000","timestamp":"2026-03-08T04:13:14.413Z"}
{"fecha":"2026-03-08T04:13:19.526Z","ip":"::1","level":"warn","message":"Demasiadas peticiones detectadas","ruta":"/Index.html"}
{"fecha":"2026-03-08T04:13:28.888Z","ip":"::1","level":"warn","message":"Demasiadas peticiones detectadas","ruta":"/"}
{"fecha":"2026-03-08T04:14:03.912Z","ip":"::1","level":"warn","message":"Demasiadas peticiones detectadas","ruta":"/"}
{"fecha":"2026-03-08T04:14:04.510Z","ip":"::1","level":"warn","message":"Demasiadas peticiones detectadas","ruta":"/"}
{"fecha":"2026-03-08T04:14:10.138Z","ip":"::1","level":"warn","message":"Demasiadas peticiones detectadas","ruta":"/Donaciones.html"}
{"level":"info","message":"Servidor iniciado en puerto 5000","timestamp":"2026-03-08T04:14:39.909Z"}
{"fecha":"2026-03-08T04:14:46.323Z","ip":"::1","level":"warn","message":"Demasiadas peticiones detectadas","ruta":"/"}
{"level":"info","message":"Servidor iniciado en puerto 5000","timestamp":"2026-03-08T04:15:48.062Z"}
{"ip":"::1","level":"info","message":"Acceso a ruta","metodo":"GET","ruta":"/","timestamp":"2026-03-08T04:15:55.679Z"}
{"ip":"::1","level":"info","message":"Acceso a ruta","metodo":"GET","ruta":"/Styles.css","timestamp":"2026-03-08T04:15:55.730Z"}
{"ip":"::1","level":"info","message":"Acceso a ruta","metodo":"GET","ruta":"/login.html","timestamp":"2026-03-08T04:15:58.422Z"}
{"ip":"::1","level":"info","message":"Acceso a ruta","metodo":"GET","ruta":"/styleLogin.css","timestamp":"2026-03-08T04:15:58.450Z"}
{"ip":"::1","level":"info","message":"Acceso a ruta","metodo":"GET","ruta":"/auth.js","timestamp":"2026-03-08T04:15:58.456Z"}
{"ip":"::1","level":"info","message":"Acceso a ruta","metodo":"GET","ruta":"/firebase.js","timestamp":"2026-03-08T04:15:58.460Z"}
{"ip":"::1","level":"info","message":"Acceso a ruta","metodo":"GET","ruta":"/Donaciones.html","timestamp":"2026-03-08T04:16:05.256Z"}
{"ip":"::1","level":"info","message":"Acceso a ruta","metodo":"GET","ruta":"/styleDonaciones.css","timestamp":"2026-03-08T04:16:05.289Z"}
{"ip":"::1","level":"info","message":"Acceso a ruta","metodo":"GET","ruta":"/Donaciones.html?","timestamp":"2026-03-08T04:16:21.366Z"}
{"ip":"::1","level":"info","message":"Acceso a ruta","metodo":"GET","ruta":"/styleDonaciones.css","timestamp":"2026-03-08T04:16:21.394Z"}
{"level":"info","message":"Servidor iniciado puerto 5000","timestamp":"2026-03-08T04:24:18.469Z"}
{"ip":"::1","level":"info","message":"Acceso a ruta","metodo":"GET","ruta":"/login.html","timestamp":"2026-03-08T04:24:26.740Z"}
{"ip":"::1","level":"info","message":"Acceso a ruta","metodo":"GET","ruta":"/styleLogin.css","timestamp":"2026-03-08T04:24:26.791Z"}
{"ip":"::1","level":"info","message":"Acceso a ruta","metodo":"GET","ruta":"/auth.js","timestamp":"2026-03-08T04:24:26.794Z"}
{"ip":"::1","level":"info","message":"Acceso a ruta","metodo":"GET","ruta":"/firebase.js","timestamp":"2026-03-08T04:24:26.824Z"}
{"ip":"::1","level":"info","message":"Acceso a ruta","metodo":"GET","ruta":"/","timestamp":"2026-03-08T04:24:51.069Z"}
{"ip":"::1","level":"info","message":"Acceso a ruta","metodo":"GET","ruta":"/Styles.css","timestamp":"2026-03-08T04:24:51.116Z"}
{"ip":"::1","level":"info","message":"Acceso a ruta","metodo":"GET","ruta":"/login.html","timestamp":"2026-03-08T04:24:52.899Z"}
{"ip":"::1","level":"info","message":"Acceso a ruta","metodo":"GET","ruta":"/styleLogin.css","timestamp":"2026-03-08T04:24:52.932Z"}
{"ip":"::1","level":"info","message":"Acceso a ruta","metodo":"GET","ruta":"/auth.js","timestamp":"2026-03-08T04:24:52.934Z"}
{"ip":"::1","level":"info","message":"Acceso a ruta","metodo":"GET","ruta":"/firebase.js","timestamp":"2026-03-08T04:24:52.944Z"}
{"ip":"::1","level":"info","message":"Acceso a ruta","metodo":"GET","ruta":"/Registro.html","timestamp":"2026-03-08T04:24:58.914Z"}
{"ip":"::1","level":"info","message":"Acceso a ruta","metodo":"GET","ruta":"/styleLogin.css","timestamp":"2026-03-08T04:24:58.944Z"}
{"ip":"::1","level":"info","message":"Acceso a ruta","metodo":"GET","ruta":"/auth.js","timestamp":"2026-03-08T04:24:58.946Z"}
{"ip":"::1","level":"info","message":"Acceso a ruta","metodo":"GET","ruta":"/firebase.js","timestamp":"2026-03-08T04:24:58.950Z"}
{"ip":"::1","level":"info","message":"Acceso a ruta","metodo":"GET","ruta":"/login.html","timestamp":"2026-03-08T04:25:02.088Z"}
{"ip":"::1","level":"info","message":"Acceso a ruta","metodo":"GET","ruta":"/styleLogin.css","timestamp":"2026-03-08T04:25:02.119Z"}
{"ip":"::1","level":"info","message":"Acceso a ruta","metodo":"GET","ruta":"/auth.js","timestamp":"2026-03-08T04:25:02.120Z"}
{"ip":"::1","level":"info","message":"Acceso a ruta","metodo":"GET","ruta":"/firebase.js","timestamp":"2026-03-08T04:25:02.123Z"}
{"ip":"::1","level":"info","message":"Acceso a ruta","metodo":"GET","ruta":"/styleLogin.css","timestamp":"2026-03-08T04:25:43.378Z"}
{"ip":"::1","level":"info","message":"Acceso a ruta","metodo":"GET","ruta":"/.well-known/appspecific/com.chrome.devtools.json","timestamp":"2026-03-08T04:25:43.391Z"}
{"level":"info","message":"Servidor iniciado puerto 5000","timestamp":"2026-03-08T04:35:10.352Z"}
{"ip":"::1","level":"info","message":"Acceso a ruta","metodo":"GET","ruta":"/","timestamp":"2026-03-08T04:35:20.086Z"}
{"ip":"::1","level":"info","message":"Acceso a ruta","metodo":"GET","ruta":"/Styles.css","timestamp":"2026-03-08T04:35:20.139Z"}
{"ip":"::1","level":"info","message":"Acceso a ruta","metodo":"GET","ruta":"/login.html","timestamp":"2026-03-08T04:35:21.479Z"}
{"ip":"::1","level":"info","message":"Acceso a ruta","metodo":"GET","ruta":"/styleLogin.css","timestamp":"2026-03-08T04:35:21.509Z"}
{"ip":"::1","level":"info","message":"Acceso a ruta","metodo":"GET","ruta":"/auth.js","timestamp":"2026-03-08T04:35:21.514Z"}
{"ip":"::1","level":"info","message":"Acceso a ruta","metodo":"GET","ruta":"/firebase.js","timestamp":"2026-03-08T04:35:21.521Z"}
{"ip":"::1","level":"info","message":"Acceso a ruta","metodo":"GET","ruta":"/Index.html","timestamp":"2026-03-08T04:35:24.858Z"}
{"ip":"::1","level":"info","message":"Acceso a ruta","metodo":"GET","ruta":"/Styles.css","timestamp":"2026-03-08T04:35:24.881Z"}
{"ip":"::1","level":"info","message":"Acceso a ruta","metodo":"GET","ruta":"/login.html","timestamp":"2026-03-08T04:35:27.402Z"}
{"ip":"::1","level":"info","message":"Acceso a ruta","metodo":"GET","ruta":"/styleLogin.css","timestamp":"2026-03-08T04:35:27.428Z"}
{"ip":"::1","level":"info","message":"Acceso a ruta","metodo":"GET","ruta":"/auth.js","timestamp":"2026-03-08T04:35:27.430Z"}
{"ip":"::1","level":"info","message":"Acceso a ruta","metodo":"GET","ruta":"/firebase.js","timestamp":"2026-03-08T04:35:27.434Z"}
{"ip":"::1","level":"info","message":"Acceso a ruta","metodo":"GET","ruta":"/Index.html","timestamp":"2026-03-08T04:35:30.554Z"}
{"ip":"::1","level":"info","message":"Acceso a ruta","metodo":"GET","ruta":"/Styles.css","timestamp":"2026-03-08T04:35:30.584Z"}
{"ip":"::1","level":"info","message":"Acceso a ruta","metodo":"GET","ruta":"/Registro.html","timestamp":"2026-03-08T04:35:37.510Z"}
{"ip":"::1","level":"info","message":"Acceso a ruta","metodo":"GET","ruta":"/styleLogin.css","timestamp":"2026-03-08T04:35:37.539Z"}
{"ip":"::1","level":"info","message":"Acceso a ruta","metodo":"GET","ruta":"/auth.js","timestamp":"2026-03-08T04:35:37.542Z"}
{"ip":"::1","level":"info","message":"Acceso a ruta","metodo":"GET","ruta":"/firebase.js","timestamp":"2026-03-08T04:35:37.548Z"}
{"ip":"::1","level":"info","message":"Acceso a ruta","metodo":"GET","ruta":"/Donaciones.html","timestamp":"2026-03-08T04:35:40.487Z"}
{"ip":"::1","level":"info","message":"Acceso a ruta","metodo":"GET","ruta":"/styleDonaciones.css","timestamp":"2026-03-08T04:35:40.518Z"}
{"ip":"::1","level":"info","message":"Acceso a ruta","metodo":"GET","ruta":"/Donaciones.html","timestamp":"2026-03-08T04:35:42.579Z"}
{"ip":"::1","level":"info","message":"Acceso a ruta","metodo":"GET","ruta":"/styleDonaciones.css","timestamp":"2026-03-08T04:35:42.611Z"}
{"level":"info","message":"Servidor iniciado puerto 5000","timestamp":"2026-03-17T23:41:37.151Z"}
{"ip":"::1","level":"info","message":"Acceso a ruta","metodo":"GET","ruta":"/","timestamp":"2026-03-17T23:42:00.628Z"}
{"ip":"::1","level":"info","message":"Acceso a ruta","metodo":"GET","ruta":"/Styles.css","timestamp":"2026-03-17T23:42:00.666Z"}
{"ip":"::1","level":"info","message":"Acceso a ruta","metodo":"GET","ruta":"/favicon.ico","timestamp":"2026-03-17T23:42:00.764Z"}
{"ip":"::1","level":"info","message":"Acceso a ruta","metodo":"GET","ruta":"/login.html","timestamp":"2026-03-17T23:42:02.865Z"}
{"ip":"::1","level":"info","message":"Acceso a ruta","metodo":"GET","ruta":"/styleLogin.css","timestamp":"2026-03-17T23:42:02.891Z"}
{"ip":"::1","level":"info","message":"Acceso a ruta","metodo":"GET","ruta":"/auth.js","timestamp":"2026-03-17T23:42:02.894Z"}
{"ip":"::1","level":"info","message":"Acceso a ruta","metodo":"GET","ruta":"/firebase.js","timestamp":"2026-03-17T23:42:02.904Z"}
{"ip":"::1","level":"info","message":"Acceso a ruta","metodo":"GET","ruta":"/Index.html","timestamp":"2026-03-17T23:42:06.006Z"}
{"ip":"::1","level":"info","message":"Acceso a ruta","metodo":"GET","ruta":"/Styles.css","timestamp":"2026-03-17T23:42:06.031Z"}
{"cause":{"commonWireVersion":0,"compatible":true,"heartbeatFrequencyMS":10000,"localThresholdMS":15,"logicalSessionTimeoutMinutes":null,"maxElectionId":null,"maxSetVersion":null,"servers":{"ac-mioilhj-shard-00-00.3x3qarg.mongodb.net:27017":{"$clusterTime":null,"address":"ac-mioilhj-shard-00-00.3x3qarg.mongodb.net:27017","arbiters":[],"electionId":null,"error":{"beforeHandshake":false,"errorLabelSet":{}},"hosts":[],"iscryptd":false,"lastUpdateTime":849901,"lastWriteDate":0,"logicalSessionTimeoutMinutes":null,"maxBsonObjectSize":null,"maxMessageSizeBytes":null,"maxWireVersion":0,"maxWriteBatchSize":null,"me":null,"minRoundTripTime":0,"minWireVersion":0,"passives":[],"primary":null,"roundTripTime":-1,"setName":null,"setVersion":null,"tags":{},"topologyVersion":null,"type":"Unknown"},"ac-mioilhj-shard-00-01.3x3qarg.mongodb.net:27017":{"$clusterTime":null,"address":"ac-mioilhj-shard-00-01.3x3qarg.mongodb.net:27017","arbiters":[],"electionId":null,"error":{"beforeHandshake":false,"errorLabelSet":{}},"hosts":[],"iscryptd":false,"lastUpdateTime":849886,"lastWriteDate":0,"logicalSessionTimeoutMinutes":null,"maxBsonObjectSize":null,"maxMessageSizeBytes":null,"maxWireVersion":0,"maxWriteBatchSize":null,"me":null,"minRoundTripTime":0,"minWireVersion":0,"passives":[],"primary":null,"roundTripTime":-1,"setName":null,"setVersion":null,"tags":{},"topologyVersion":null,"type":"Unknown"},"ac-mioilhj-shard-00-02.3x3qarg.mongodb.net:27017":{"$clusterTime":null,"address":"ac-mioilhj-shard-00-02.3x3qarg.mongodb.net:27017","arbiters":[],"electionId":null,"error":{"beforeHandshake":false,"errorLabelSet":{}},"hosts":[],"iscryptd":false,"lastUpdateTime":849852,"lastWriteDate":0,"logicalSessionTimeoutMinutes":null,"maxBsonObjectSize":null,"maxMessageSizeBytes":null,"maxWireVersion":0,"maxWriteBatchSize":null,"me":null,"minRoundTripTime":0,"minWireVersion":0,"passives":[],"primary":null,"roundTripTime":-1,"setName":null,"setVersion":null,"tags":{},"topologyVersion":null,"type":"Unknown"}},"setName":"atlas-ryt2xt-shard-0","stale":false,"type":"ReplicaSetNoPrimary"},"errorLabelSet":{},"level":"error","message":"Error MongoDB Could not connect to any servers in your MongoDB Atlas cluster. One common reason is that you're trying to access the database from an IP that isn't whitelisted. Make sure your current IP address is on your Atlas cluster's IP whitelist: https://www.mongodb.com/docs/atlas/security-whitelist/","reason":{"commonWireVersion":0,"compatible":true,"heartbeatFrequencyMS":10000,"localThresholdMS":15,"logicalSessionTimeoutMinutes":null,"maxElectionId":null,"maxSetVersion":null,"servers":{"ac-mioilhj-shard-00-00.3x3qarg.mongodb.net:27017":{"$clusterTime":null,"address":"ac-mioilhj-shard-00-00.3x3qarg.mongodb.net:27017","arbiters":[],"electionId":null,"error":{"beforeHandshake":false,"errorLabelSet":{}},"hosts":[],"iscryptd":false,"lastUpdateTime":849901,"lastWriteDate":0,"logicalSessionTimeoutMinutes":null,"maxBsonObjectSize":null,"maxMessageSizeBytes":null,"maxWireVersion":0,"maxWriteBatchSize":null,"me":null,"minRoundTripTime":0,"minWireVersion":0,"passives":[],"primary":null,"roundTripTime":-1,"setName":null,"setVersion":null,"tags":{},"topologyVersion":null,"type":"Unknown"},"ac-mioilhj-shard-00-01.3x3qarg.mongodb.net:27017":{"$clusterTime":null,"address":"ac-mioilhj-shard-00-01.3x3qarg.mongodb.net:27017","arbiters":[],"electionId":null,"error":{"beforeHandshake":false,"errorLabelSet":{}},"hosts":[],"iscryptd":false,"lastUpdateTime":849886,"lastWriteDate":0,"logicalSessionTimeoutMinutes":null,"maxBsonObjectSize":null,"maxMessageSizeBytes":null,"maxWireVersion":0,"maxWriteBatchSize":null,"me":null,"minRoundTripTime":0,"minWireVersion":0,"passives":[],"primary":null,"roundTripTime":-1,"setName":null,"setVersion":null,"tags":{},"topologyVersion":null,"type":"Unknown"},"ac-mioilhj-shard-00-02.3x3qarg.mongodb.net:27017":{"$clusterTime":null,"address":"ac-mioilhj-shard-00-02.3x3qarg.mongodb.net:27017","arbiters":[],"electionId":null,"error":{"beforeHandshake":false,"errorLabelSet":{}},"hosts":[],"iscryptd":false,"lastUpdateTime":849852,"lastWriteDate":0,"logicalSessionTimeoutMinutes":null,"maxBsonObjectSize":null,"maxMessageSizeBytes":null,"maxWireVersion":0,"maxWriteBatchSize":null,"me":null,"minRoundTripTime":0,"minWireVersion":0,"passives":[],"primary":null,"roundTripTime":-1,"setName":null,"setVersion":null,"tags":{},"topologyVersion":null,"type":"Unknown"}},"setName":"atlas-ryt2xt-shard-0","stale":false,"type":"ReplicaSetNoPrimary"},"stack":"MongooseServerSelectionError: Could not connect to any servers in your MongoDB Atlas cluster. One common reason is that you're trying to access the database from an IP that isn't whitelisted. Make sure your current IP address is on your Atlas cluster's IP whitelist: https://www.mongodb.com/docs/atlas/security-whitelist/\n    at _handleConnectionErrors (F:\\Proyecto WEB\\backend\\node_modules\\mongoose\\lib\\connection.js:1169:11)\n    at NativeConnection.openUri (F:\\Proyecto WEB\\backend\\node_modules\\mongoose\\lib\\connection.js:1100:11)","timestamp":"2026-03-17T23:42:07.377Z"}
{"ip":"::1","level":"info","message":"Acceso a ruta","metodo":"GET","ruta":"/Donaciones.html","timestamp":"2026-03-17T23:42:08.345Z"}
{"ip":"::1","level":"info","message":"Acceso a ruta","metodo":"GET","ruta":"/styleDonaciones.css","timestamp":"2026-03-17T23:42:08.375Z"}
{"ip":"::1","level":"info","message":"Acceso a ruta","metodo":"GET","ruta":"/donaciones.js","timestamp":"2026-03-17T23:42:08.376Z"}
{"ip":"::1","level":"info","message":"Acceso a ruta","metodo":"GET","ruta":"/donacion","timestamp":"2026-03-17T23:42:08.381Z"}
{"ip":"::1","level":"info","message":"Acceso a ruta","metodo":"POST","ruta":"/donacion","timestamp":"2026-03-17T23:45:32.503Z"}
{"ip":"::1","level":"info","message":"Acceso a ruta","metodo":"POST","ruta":"/donacion","timestamp":"2026-03-17T23:45:35.376Z"}
{"ip":"::1","level":"info","message":"Acceso a ruta","metodo":"POST","ruta":"/donacion","timestamp":"2026-03-17T23:45:39.860Z"}
{"level":"error","message":"Error donación Operation `donacions.insertOne()` buffering timed out after 10000ms","stack":"MongooseError: Operation `donacions.insertOne()` buffering timed out after 10000ms\n    at Timeout._onTimeout (F:\\Proyecto WEB\\backend\\node_modules\\mongoose\\lib\\drivers\\node-mongodb-native\\collection.js:131:25)\n    at listOnTimeout (node:internal/timers:594:17)\n    at process.processTimers (node:internal/timers:529:7)","timestamp":"2026-03-17T23:45:42.519Z"}
{"ip":"::1","level":"info","message":"Acceso a ruta","metodo":"GET","ruta":"/donacion","timestamp":"2026-03-17T23:45:42.524Z"}
{"level":"error","message":"Error donación Operation `donacions.insertOne()` buffering timed out after 10000ms","stack":"MongooseError: Operation `donacions.insertOne()` buffering timed out after 10000ms\n    at Timeout._onTimeout (F:\\Proyecto WEB\\backend\\node_modules\\mongoose\\lib\\drivers\\node-mongodb-native\\collection.js:131:25)\n    at listOnTimeout (node:internal/timers:594:17)\n    at process.processTimers (node:internal/timers:529:7)","timestamp":"2026-03-17T23:45:45.388Z"}
{"ip":"::1","level":"info","message":"Acceso a ruta","metodo":"GET","ruta":"/donacion","timestamp":"2026-03-17T23:45:45.393Z"}
{"level":"error","message":"Error donación Operation `donacions.insertOne()` buffering timed out after 10000ms","stack":"MongooseError: Operation `donacions.insertOne()` buffering timed out after 10000ms\n    at Timeout._onTimeout (F:\\Proyecto WEB\\backend\\node_modules\\mongoose\\lib\\drivers\\node-mongodb-native\\collection.js:131:25)\n    at listOnTimeout (node:internal/timers:594:17)\n    at process.processTimers (node:internal/timers:529:7)","timestamp":"2026-03-17T23:45:49.874Z"}
{"ip":"::1","level":"info","message":"Acceso a ruta","metodo":"GET","ruta":"/donacion","timestamp":"2026-03-17T23:45:49.877Z"}
{"ip":"::1","level":"info","message":"Acceso a ruta","metodo":"POST","ruta":"/donacion","timestamp":"2026-03-17T23:46:38.573Z"}
{"ip":"::1","level":"info","message":"Acceso a ruta","metodo":"GET","ruta":"/styleDonaciones.css","timestamp":"2026-03-17T23:46:42.700Z"}
{"ip":"::1","level":"info","message":"Acceso a ruta","metodo":"GET","ruta":"/.well-known/appspecific/com.chrome.devtools.json","timestamp":"2026-03-17T23:46:42.714Z"}
{"level":"error","message":"Error donación Operation `donacions.insertOne()` buffering timed out after 10000ms","stack":"MongooseError: Operation `donacions.insertOne()` buffering timed out after 10000ms\n    at Timeout._onTimeout (F:\\Proyecto WEB\\backend\\node_modules\\mongoose\\lib\\drivers\\node-mongodb-native\\collection.js:131:25)\n    at listOnTimeout (node:internal/timers:594:17)\n    at process.processTimers (node:internal/timers:529:7)","timestamp":"2026-03-17T23:46:48.590Z"}
{"ip":"::1","level":"info","message":"Acceso a ruta","metodo":"GET","ruta":"/donacion","timestamp":"2026-03-17T23:46:48.594Z"}
{"level":"info","message":"Servidor iniciado puerto 5000","timestamp":"2026-03-17T23:51:51.385Z"}
{"ip":"::1","level":"info","message":"Acceso a ruta","metodo":"GET","ruta":"/","timestamp":"2026-03-17T23:51:54.433Z"}
{"ip":"::1","level":"info","message":"Acceso a ruta","metodo":"GET","ruta":"/Styles.css","timestamp":"2026-03-17T23:51:54.484Z"}
{"ip":"::1","level":"info","message":"Acceso a ruta","metodo":"GET","ruta":"/login.html","timestamp":"2026-03-17T23:51:55.981Z"}
{"ip":"::1","level":"info","message":"Acceso a ruta","metodo":"GET","ruta":"/styleLogin.css","timestamp":"2026-03-17T23:51:56.009Z"}
{"ip":"::1","level":"info","message":"Acceso a ruta","metodo":"GET","ruta":"/auth.js","timestamp":"2026-03-17T23:51:56.011Z"}
{"ip":"::1","level":"info","message":"Acceso a ruta","metodo":"GET","ruta":"/firebase.js","timestamp":"2026-03-17T23:51:56.021Z"}
{"ip":"::1","level":"info","message":"Acceso a ruta","metodo":"GET","ruta":"/Index.html","timestamp":"2026-03-17T23:51:58.875Z"}
{"ip":"::1","level":"info","message":"Acceso a ruta","metodo":"GET","ruta":"/Styles.css","timestamp":"2026-03-17T23:51:58.901Z"}
{"ip":"::1","level":"info","message":"Acceso a ruta","metodo":"GET","ruta":"/Donaciones.html","timestamp":"2026-03-17T23:52:00.263Z"}
{"ip":"::1","level":"info","message":"Acceso a ruta","metodo":"GET","ruta":"/styleDonaciones.css","timestamp":"2026-03-17T23:52:00.297Z"}
{"ip":"::1","level":"info","message":"Acceso a ruta","metodo":"GET","ruta":"/Donaciones.js","timestamp":"2026-03-17T23:52:00.301Z"}
{"ip":"::1","level":"info","message":"Acceso a ruta","metodo":"GET","ruta":"/donaciones","timestamp":"2026-03-17T23:52:00.310Z"}
{"ip":"::1","level":"info","message":"Acceso a ruta","metodo":"POST","ruta":"/donacion","timestamp":"2026-03-17T23:52:20.867Z"}
{"cause":{"commonWireVersion":0,"compatible":true,"heartbeatFrequencyMS":10000,"localThresholdMS":15,"logicalSessionTimeoutMinutes":null,"maxElectionId":null,"maxSetVersion":null,"servers":{"ac-mioilhj-shard-00-00.3x3qarg.mongodb.net:27017":{"$clusterTime":null,"address":"ac-mioilhj-shard-00-00.3x3qarg.mongodb.net:27017","arbiters":[],"electionId":null,"error":{"beforeHandshake":false,"errorLabelSet":{}},"hosts":[],"iscryptd":false,"lastUpdateTime":1463932,"lastWriteDate":0,"logicalSessionTimeoutMinutes":null,"maxBsonObjectSize":null,"maxMessageSizeBytes":null,"maxWireVersion":0,"maxWriteBatchSize":null,"me":null,"minRoundTripTime":0,"minWireVersion":0,"passives":[],"primary":null,"roundTripTime":-1,"setName":null,"setVersion":null,"tags":{},"topologyVersion":null,"type":"Unknown"},"ac-mioilhj-shard-00-01.3x3qarg.mongodb.net:27017":{"$clusterTime":null,"address":"ac-mioilhj-shard-00-01.3x3qarg.mongodb.net:27017","arbiters":[],"electionId":null,"error":{"beforeHandshake":false,"errorLabelSet":{}},"hosts":[],"iscryptd":false,"lastUpdateTime":1463957,"lastWriteDate":0,"logicalSessionTimeoutMinutes":null,"maxBsonObjectSize":null,"maxMessageSizeBytes":null,"maxWireVersion":0,"maxWriteBatchSize":null,"me":null,"minRoundTripTime":0,"minWireVersion":0,"passives":[],"primary":null,"roundTripTime":-1,"setName":null,"setVersion":null,"tags":{},"topologyVersion":null,"type":"Unknown"},"ac-mioilhj-shard-00-02.3x3qarg.mongodb.net:27017":{"$clusterTime":null,"address":"ac-mioilhj-shard-00-02.3x3qarg.mongodb.net:27017","arbiters":[],"electionId":null,"error":{"beforeHandshake":false,"errorLabelSet":{}},"hosts":[],"iscryptd":false,"lastUpdateTime":1464014,"lastWriteDate":0,"logicalSessionTimeoutMinutes":null,"maxBsonObjectSize":null,"maxMessageSizeBytes":null,"maxWireVersion":0,"maxWriteBatchSize":null,"me":null,"minRoundTripTime":0,"minWireVersion":0,"passives":[],"primary":null,"roundTripTime":-1,"setName":null,"setVersion":null,"tags":{},"topologyVersion":null,"type":"Unknown"}},"setName":"atlas-ryt2xt-shard-0","stale":false,"type":"ReplicaSetNoPrimary"},"errorLabelSet":{},"level":"error","message":"Error MongoDB Could not connect to any servers in your MongoDB Atlas cluster. One common reason is that you're trying to access the database from an IP that isn't whitelisted. Make sure your current IP address is on your Atlas cluster's IP whitelist: https://www.mongodb.com/docs/atlas/security-whitelist/","reason":{"commonWireVersion":0,"compatible":true,"heartbeatFrequencyMS":10000,"localThresholdMS":15,"logicalSessionTimeoutMinutes":null,"maxElectionId":null,"maxSetVersion":null,"servers":{"ac-mioilhj-shard-00-00.3x3qarg.mongodb.net:27017":{"$clusterTime":null,"address":"ac-mioilhj-shard-00-00.3x3qarg.mongodb.net:27017","arbiters":[],"electionId":null,"error":{"beforeHandshake":false,"errorLabelSet":{}},"hosts":[],"iscryptd":false,"lastUpdateTime":1463932,"lastWriteDate":0,"logicalSessionTimeoutMinutes":null,"maxBsonObjectSize":null,"maxMessageSizeBytes":null,"maxWireVersion":0,"maxWriteBatchSize":null,"me":null,"minRoundTripTime":0,"minWireVersion":0,"passives":[],"primary":null,"roundTripTime":-1,"setName":null,"setVersion":null,"tags":{},"topologyVersion":null,"type":"Unknown"},"ac-mioilhj-shard-00-01.3x3qarg.mongodb.net:27017":{"$clusterTime":null,"address":"ac-mioilhj-shard-00-01.3x3qarg.mongodb.net:27017","arbiters":[],"electionId":null,"error":{"beforeHandshake":false,"errorLabelSet":{}},"hosts":[],"iscryptd":false,"lastUpdateTime":1463957,"lastWriteDate":0,"logicalSessionTimeoutMinutes":null,"maxBsonObjectSize":null,"maxMessageSizeBytes":null,"maxWireVersion":0,"maxWriteBatchSize":null,"me":null,"minRoundTripTime":0,"minWireVersion":0,"passives":[],"primary":null,"roundTripTime":-1,"setName":null,"setVersion":null,"tags":{},"topologyVersion":null,"type":"Unknown"},"ac-mioilhj-shard-00-02.3x3qarg.mongodb.net:27017":{"$clusterTime":null,"address":"ac-mioilhj-shard-00-02.3x3qarg.mongodb.net:27017","arbiters":[],"electionId":null,"error":{"beforeHandshake":false,"errorLabelSet":{}},"hosts":[],"iscryptd":false,"lastUpdateTime":1464014,"lastWriteDate":0,"logicalSessionTimeoutMinutes":null,"maxBsonObjectSize":null,"maxMessageSizeBytes":null,"maxWireVersion":0,"maxWriteBatchSize":null,"me":null,"minRoundTripTime":0,"minWireVersion":0,"passives":[],"primary":null,"roundTripTime":-1,"setName":null,"setVersion":null,"tags":{},"topologyVersion":null,"type":"Unknown"}},"setName":"atlas-ryt2xt-shard-0","stale":false,"type":"ReplicaSetNoPrimary"},"stack":"MongooseServerSelectionError: Could not connect to any servers in your MongoDB Atlas cluster. One common reason is that you're trying to access the database from an IP that isn't whitelisted. Make sure your current IP address is on your Atlas cluster's IP whitelist: https://www.mongodb.com/docs/atlas/security-whitelist/\n    at _handleConnectionErrors (F:\\Proyecto WEB\\backend\\node_modules\\mongoose\\lib\\connection.js:1169:11)\n    at NativeConnection.openUri (F:\\Proyecto WEB\\backend\\node_modules\\mongoose\\lib\\connection.js:1100:11)","timestamp":"2026-03-17T23:52:21.490Z"}
{"ip":"::1","level":"info","message":"Acceso a ruta","metodo":"GET","ruta":"/styleDonaciones.css","timestamp":"2026-03-17T23:52:23.766Z"}
{"ip":"::1","level":"info","message":"Acceso a ruta","metodo":"GET","ruta":"/.well-known/appspecific/com.chrome.devtools.json","timestamp":"2026-03-17T23:52:23.786Z"}
{"ip":"::1","level":"info","message":"Acceso a ruta","metodo":"GET","ruta":"/donaciones","timestamp":"2026-03-17T23:52:30.075Z"}
{"level":"error","message":"Error donación Operation `donacions.insertOne()` buffering timed out after 10000ms","stack":"MongooseError: Operation `donacions.insertOne()` buffering timed out after 10000ms\n    at Timeout._onTimeout (F:\\Proyecto WEB\\backend\\node_modules\\mongoose\\lib\\drivers\\node-mongodb-native\\collection.js:131:25)\n    at listOnTimeout (node:internal/timers:594:17)\n    at process.processTimers (node:internal/timers:529:7)","timestamp":"2026-03-17T23:52:30.889Z"}
{"ip":"::1","level":"info","message":"Acceso a ruta","metodo":"GET","ruta":"/donaciones","timestamp":"2026-03-17T23:52:40.085Z"}
{"level":"info","message":"Servidor iniciado puerto 5000","timestamp":"2026-03-17T23:55:03.436Z"}
{"ip":"::1","level":"info","message":"Acceso a ruta","metodo":"GET","ruta":"/","timestamp":"2026-03-17T23:55:06.750Z"}
{"ip":"::1","level":"info","message":"Acceso a ruta","metodo":"GET","ruta":"/Styles.css","timestamp":"2026-03-17T23:55:06.790Z"}
{"ip":"::1","level":"info","message":"Acceso a ruta","metodo":"GET","ruta":"/","timestamp":"2026-03-17T23:55:12.953Z"}
{"ip":"::1","level":"info","message":"Acceso a ruta","metodo":"GET","ruta":"/Styles.css","timestamp":"2026-03-17T23:55:12.994Z"}
{"ip":"::1","level":"info","message":"Acceso a ruta","metodo":"GET","ruta":"/login.html","timestamp":"2026-03-17T23:55:14.822Z"}
{"ip":"::1","level":"info","message":"Acceso a ruta","metodo":"GET","ruta":"/styleLogin.css","timestamp":"2026-03-17T23:55:14.849Z"}
{"ip":"::1","level":"info","message":"Acceso a ruta","metodo":"GET","ruta":"/auth.js","timestamp":"2026-03-17T23:55:14.851Z"}
{"ip":"::1","level":"info","message":"Acceso a ruta","metodo":"GET","ruta":"/firebase.js","timestamp":"2026-03-17T23:55:14.862Z"}
{"ip":"::1","level":"info","message":"Acceso a ruta","metodo":"GET","ruta":"/Index.html","timestamp":"2026-03-17T23:55:17.696Z"}
{"ip":"::1","level":"info","message":"Acceso a ruta","metodo":"GET","ruta":"/Styles.css","timestamp":"2026-03-17T23:55:17.723Z"}
{"ip":"::1","level":"info","message":"Acceso a ruta","metodo":"GET","ruta":"/Donaciones.html","timestamp":"2026-03-17T23:55:18.759Z"}
{"ip":"::1","level":"info","message":"Acceso a ruta","metodo":"GET","ruta":"/styleDonaciones.css","timestamp":"2026-03-17T23:55:18.789Z"}
{"ip":"::1","level":"info","message":"Acceso a ruta","metodo":"GET","ruta":"/Donaciones.js","timestamp":"2026-03-17T23:55:18.790Z"}
{"ip":"::1","level":"info","message":"Acceso a ruta","metodo":"GET","ruta":"/donaciones","timestamp":"2026-03-17T23:55:18.802Z"}
{"ip":"::1","level":"info","message":"Acceso a ruta","metodo":"GET","ruta":"/styleDonaciones.css","timestamp":"2026-03-17T23:55:36.389Z"}
{"ip":"::1","level":"info","message":"Acceso a ruta","metodo":"GET","ruta":"/.well-known/appspecific/com.chrome.devtools.json","timestamp":"2026-03-17T23:55:36.403Z"}
{"ip":"::1","level":"info","message":"Acceso a ruta","metodo":"POST","ruta":"/donacion","timestamp":"2026-03-17T23:56:06.878Z"}
{"ip":"::1","level":"info","message":"Donación registrada","timestamp":"2026-03-17T23:56:06.996Z"}
{"ip":"::1","level":"info","message":"Acceso a ruta","metodo":"GET","ruta":"/donaciones","timestamp":"2026-03-17T23:56:07.002Z"}
{"ip":"::1","level":"info","message":"Acceso a ruta","metodo":"GET","ruta":"/donaciones","timestamp":"2026-03-18T00:09:04.680Z"}
